<?xml version="1.0" encoding="UTF-8"?>
<!-- Generated by org.testng.reporters.JUnitReportReporter -->
<testsuite hostname="DESKTOP-I16IA9O" failures="0" tests="1" name="com.qacart.todo.testcases.LoginTest" time="8.201" errors="0" timestamp="2024-01-01T18:10:51 EET" skipped="0">
  <testcase classname="com.qacart.todo.testcases.LoginTest" name="shouldBeAbleToLoginWithEmailAndPassword" time="8.201"/>
</testsuite> <!-- com.qacart.todo.testcases.LoginTest -->
