<?xml version="1.0" encoding="UTF-8"?>
<!-- Generated by org.testng.reporters.JUnitReportReporter -->
<testsuite hostname="DESKTOP-I16IA9O" failures="0" tests="2" name="com.qacart.todo.testcases.ToDoTest" time="16.084" errors="0" timestamp="2024-01-01T18:10:50 EET" skipped="0">
  <testcase classname="com.qacart.todo.testcases.ToDoTest" name="shouldBeAbleToAddNewTodo" time="5.472"/>
  <testcase classname="com.qacart.todo.testcases.ToDoTest" name="shouldBeAbleToDeleteTodo" time="10.612"/>
</testsuite> <!-- com.qacart.todo.testcases.ToDoTest -->
